<?xml version="1.0" encoding="UTF-8"?>
<!-- Generated by org.testng.reporters.JUnitXMLReporter -->
<testsuite hostname="LAPTOP-KUNU7KIN" ignored="0" name="Mytest" tests="5" failures="0" timestamp="2021-03-10T22:16:09 GMT" time="0.102" errors="0">
  <testcase name="login" time="0.013" classname="day29.annotations.MyTest1"/>
  <testcase name="search" time="0.003" classname="day29.annotations.MyTest1"/>
  <testcase name="logout" time="0.004" classname="day29.annotations.MyTest1"/>
  <testcase name="sample" time="0.002" classname="day29.annotations.MyTest2"/>
  <testcase name="test" time="0.001" classname="day29.annotations.MyTest2"/>
</testsuite> <!-- Mytest -->
