<?xml version="1.0" encoding="UTF-8"?>
<!-- Generated by org.testng.reporters.JUnitXMLReporter -->
<testsuite hostname="LAPTOP-KUNU7KIN" ignored="0" name="Test_extentreport" tests="3" failures="0" timestamp="2021-03-16T20:16:55 GMT" time="11.965" errors="0">
  <testcase name="test_title" time="0.019" classname="day33_ExtentReports.NopCommerce"/>
  <testcase name="logintest" time="4.818" classname="day33_ExtentReports.NopCommerce"/>
  <testcase name="logouttest" time="1.803" classname="day33_ExtentReports.NopCommerce"/>
</testsuite> <!-- Test_extentreport -->
